19:01:52: CLR host plugin strings not found, dynamically loading 4 strings
19:01:52: CLRHost::Initialize() attempting to load and start the .NET runtime (null)
19:01:52: CLRHost::Initialize() Found version v2.0.50727 .NET runtime
19:01:52: CLRHost::Initialize() Found version v4.0.30319 .NET runtime
19:01:52: CLRHost::Initialize() attempting to use v4.0.30319 .NET runtime
19:01:52: CLRHost::LoadInteropLibrary() load the assembly plugins\CLRHostPlugin\CLRHost.Interop.dll
19:01:52: CLRHost::LoadPlugins() attempting to load the plugin assembly CLRBrowserSourcePlugin
19:01:52: CLRHost:: Could not find/load browser settings at location C:\Users\kutlass\AppData\Roaming\OBS\pluginData\browser.json
19:01:52: CLRHost:: Exception: System.IO.FileNotFoundException: Could not find file 'C:\Users\kutlass\AppData\Roaming\OBS\pluginData\browser.json'.
19:01:52: File name: 'C:\Users\kutlass\AppData\Roaming\OBS\pluginData\browser.json'
19:01:52:    at System.IO.__Error.WinIOError(Int32 errorCode, String maybeFullPath)
19:01:52:    at System.IO.FileStream.Init(String path, FileMode mode, FileAccess access, Int32 rights, Boolean useRights, FileShare share, Int32 bufferSize, FileOptions options, SECURITY_ATTRIBUTES secAttrs, String msgPath, Boolean bFromProxy, Boolean useLongPath, Boolean checkHost)
19:01:52:    at System.IO.FileStream..ctor(String path, FileMode mode, FileAccess access, FileShare share)
19:01:52:    at CLRBrowserSourcePlugin.Shared.BrowserSettings.Reload()
19:01:52: CLRHost::LoadPlugins() successfully added CLR plugin [Type: CLRBrowserSourcePlugin.CLRBrowserSourcePlugin, Name: CLR Browser Source Plugin]
19:01:56: Open Broadcaster Software v0.659b - 32bit (´・ω・｀)
19:01:56: -------------------------------
19:01:56: CPU Name: Intel(R) Core(TM) i7-6700K CPU @ 4.00GHz
19:01:56: CPU Speed: 4008MHz
19:01:56: Physical Memory:  4095MB Total, 4095MB Free
19:01:56: stepping id: 3, model 94, family 6, type 0, extmodel 2, extfamily 0, HTT 1, logical cores 8, total cores 4
19:01:56: monitor 1: pos={0, 0}, size={2560, 1440}
19:01:56: monitor 2: pos={2560, 127}, size={1920, 1080}
19:01:56: Windows Version: 10.0 Build 14393 (revision 0)
19:01:56: Aero is Enabled
19:01:56: -------------------------------
19:01:56: OBS Modules:
19:01:56: Base Address     Module
19:01:56: 013E0000         OBS.exe
19:01:56: 0FE10000         OBSApi.dll
19:01:56: 05850000         CLRHostPlugin.dll
19:01:56: 0ECD0000         DShowPlugin.dll
19:01:56: 0F020000         GraphicsCapture.dll
19:01:56: 0ED40000         NoiseGate.dll
19:01:56: 0F0D0000         PSVPlugin.dll
19:01:56: 0ED90000         scenesw.dll
19:01:56: ------------------------------------------
19:01:56: Adapter 1
19:01:56:   Video Adapter: NVIDIA GeForce GTX 1080
19:01:56:   Video Adapter Dedicated Video Memory: 3221225472
19:01:56:   Video Adapter Shared System Memory: 1073676288
19:01:56:   Video Adapter Output 1: pos={0, 0}, size={2560, 1440}, attached=true
19:01:56:   Video Adapter Output 2: pos={2560, 127}, size={1920, 1080}, attached=true
19:01:56: =====Stream Start: 2016-11-29, 19:01:56===============================================
19:01:56:   Multithreaded optimizations: On
19:01:56:   Base resolution: 1920x1080
19:01:56:   Output resolution: 852x480
19:01:56: ------------------------------------------
19:01:56: Loading up D3D10 on NVIDIA GeForce GTX 1080 (Adapter 1)...
19:01:57: ------------------------------------------
19:01:57: Audio Format: 48000 Hz
19:01:57: ------------------------------------------
19:01:57: Audio Channels: 2 Ch
19:01:57: Playback device Default
19:01:57: ------------------------------------------
19:01:57: Using desktop audio input: Speakers (Sennheiser 3D G4ME1)
19:01:57: Global Audio time adjust: 0
19:01:57: Using 5.1 speaker setup
19:01:57: ------------------------------------------
19:01:57: Using auxilary audio input: Microphone (Yeti Stereo Microphone)
19:01:57: Mic time offset: 0
19:01:57: ------------------------------------------
19:01:57: Audio Encoding: AAC
19:01:57:     bitrate: 128
19:01:57: Using text output
19:01:57: Using text output
19:01:57: ------------------------------------------
19:01:57:     device: Logitech HD Pro Webcam C920,
19:01:57:     device id \\?\usb#vid_046d&pid_082d&mi_00#6&490d1c0&0&0000#{65e8773d-8f56-11d0-a3b9-00a0c9223196}\{bbefb6c7-2fc4-4139-bb8b-a58bba724083},
19:01:57:     chosen type: I420, usingFourCC: false, res: 640x480 - 640x480, frameIntervals: 333333-2000000
19:01:57:     use buffering: false - 0, fourCC: 'I420'
19:01:57:     audio device: Disable,
19:01:57:     audio device id Disabled,
19:01:57:     audio time offset 0,
19:01:57: 
19:01:58: Using directshow input
19:01:58: Using text output
19:01:58: Using text output
19:01:58: Using text output
19:01:58: Using text output
19:01:58: Using Monitor Capture
19:01:58: Scene buffering time set to 700
19:01:58: ------------------------------------------
19:01:58: Video Encoding: x264
19:01:58:     fps: 30
19:01:58:     width: 852, height: 480
19:01:58:     preset: veryfast
19:01:58:     profile: main
19:01:58:     keyint: 60
19:01:58:     CBR: yes
19:01:58:     CFR: yes
19:01:58:     max bitrate: 2000
19:01:58:     buffer size: 2000
19:01:58: ------------------------------------------
19:01:59: CLRHost:: Browser 1: Status message: 
19:01:59: CLRHost:: Browser 2: Status message: 
19:01:59: CLRHost:: Browser 2: Failed to set referrer policy: The value 'no-referrer' is not one of 'always', 'default', 'never', or 'origin'. Defaulting to 'never'. @http://streamlabs.com/alert-box/v3/B704783E09C40661165510
19:02:09: Total frames encoded: 286, total frames duplicated: 0 (0.00%)
19:02:09: Total frames rendered: 307, number of late frames: 1 (0.33%) (it's okay for some frames to be late)
19:02:09: 
19:02:09: Profiler time results:
19:02:09: 
19:02:09: ==============================================================
19:02:09: video thread frame - [100%] [avg time: 1.366 ms] [children: 78.9%] [unaccounted: 21.1%]
19:02:09: | scene->Preprocess - [56.6%] [avg time: 0.773 ms]
19:02:09: | GPU download and conversion - [22.3%] [avg time: 0.305 ms] [children: 22%] [unaccounted: 0.366%]
19:02:09: | | flush - [21.6%] [avg time: 0.295 ms]
19:02:09: | | CopyResource - [0.22%] [avg time: 0.003 ms]
19:02:09: | | conversion to 4:2:0 - [0.146%] [avg time: 0.002 ms]
19:02:09: Convert444Threads - [100%] [avg time: 0.155 ms] [children: 97.4%] [unaccounted: 2.58%]
19:02:09: | Convert444toNV12 - [97.4%] [avg time: 0.151 ms]
19:02:09: encoder thread frame - [100%] [avg time: 0.366 ms] [children: 0.546%] [unaccounted: 99.5%]
19:02:09: | sending stuff out - [0.546%] [avg time: 0.002 ms]
19:02:09: ==============================================================
19:02:09: 
19:02:09: 
19:02:09: Profiler CPU results:
19:02:09: 
19:02:09: ==============================================================
19:02:09: video thread frame - [cpu time: avg 0.661 ms, total 203.125 ms] [avg calls per frame: 1]
19:02:09: | scene->Preprocess - [cpu time: avg 0.559 ms, total 171.875 ms] [avg calls per frame: 1]
19:02:09: | GPU download and conversion - [cpu time: avg 0.05 ms, total 15.625 ms] [avg calls per frame: 1]
19:02:09: | | flush - [cpu time: avg 0 ms, total 0 ms] [avg calls per frame: 1]
19:02:09: | | CopyResource - [cpu time: avg 0 ms, total 0 ms] [avg calls per frame: 1]
19:02:09: | | conversion to 4:2:0 - [cpu time: avg 0.054 ms, total 15.625 ms] [avg calls per frame: 1]
19:02:09: Convert444Threads - [cpu time: avg 0.108 ms, total 62.5 ms] [avg calls per frame: 2]
19:02:09: | Convert444toNV12 - [cpu time: avg 0.108 ms, total 62.5 ms] [avg calls per frame: 2]
19:02:09: encoder thread frame - [cpu time: avg 0 ms, total 0 ms] [avg calls per frame: 1]
19:02:09: | sending stuff out - [cpu time: avg 0 ms, total 0 ms] [avg calls per frame: 1]
19:02:09: ==============================================================
19:02:09: 
19:02:09: =====Stream End: 2016-11-29, 19:02:09=================================================
19:02:11: CLR host plugin instance deleted; removing dynamically loaded localization strings
19:02:11: Terminating 0x36cc


Last game capture log:
2016-08-15, 11:47:18: we're booting up: 
11:47:18: CaptureThread: attached to process TESV.exe
11:47:18: D3D9 Present
11:47:18: (half life scientist) everything..  seems to be in order

