13:03:40: CLR host plugin strings not found, dynamically loading 4 strings
13:03:40: CLRHost::Initialize() attempting to load and start the .NET runtime (null)
13:03:40: CLRHost::Initialize() Found version v2.0.50727 .NET runtime
13:03:40: CLRHost::Initialize() Found version v4.0.30319 .NET runtime
13:03:40: CLRHost::Initialize() attempting to use v4.0.30319 .NET runtime
13:03:40: CLRHost::LoadInteropLibrary() load the assembly plugins\CLRHostPlugin\CLRHost.Interop.dll
13:03:41: CLRHost::LoadPlugins() attempting to load the plugin assembly CLRBrowserSourcePlugin
13:03:41: CLRHost:: Could not find/load browser settings at location C:\Users\kutla\AppData\Roaming\OBS\pluginData\browser.json
13:03:41: CLRHost:: Exception: System.IO.FileNotFoundException: Could not find file 'C:\Users\kutla\AppData\Roaming\OBS\pluginData\browser.json'.
13:03:41: File name: 'C:\Users\kutla\AppData\Roaming\OBS\pluginData\browser.json'
13:03:41:    at System.IO.__Error.WinIOError(Int32 errorCode, String maybeFullPath)
13:03:41:    at System.IO.FileStream.Init(String path, FileMode mode, FileAccess access, Int32 rights, Boolean useRights, FileShare share, Int32 bufferSize, FileOptions options, SECURITY_ATTRIBUTES secAttrs, String msgPath, Boolean bFromProxy, Boolean useLongPath, Boolean checkHost)
13:03:41:    at System.IO.FileStream..ctor(String path, FileMode mode, FileAccess access, FileShare share)
13:03:41:    at CLRBrowserSourcePlugin.Shared.BrowserSettings.Reload()
13:03:43: CLRHost::LoadPlugins() successfully added CLR plugin [Type: CLRBrowserSourcePlugin.CLRBrowserSourcePlugin, Name: CLR Browser Source Plugin]
13:06:56: Failed loading CUDA dll
13:16:32: CLR host plugin instance deleted; removing dynamically loaded localization strings


Last game capture log:
2016-07-31, 15:55:31: we're booting up: 
15:55:31: CaptureThread: attached to process SoundCapture.exe

